<ns0:test-suite xmlns:ns0="urn:model.allure.qatools.yandex.ru" start="1570417522941" stop="1570417522994">
  <name>scripts</name>
  <labels/>
  <test-cases>
    <test-case start="1570417522941" status="passed" stop="1570417522945">
      <name>test_demo.Test_Demo.test_001</name>
      <attachments/>
      <labels>
        <label name="severity" value="normal"/>
        <label name="thread" value="5560-MainThread"/>
        <label name="host" value="DAIYU"/>
        <label name="framework" value="pytest"/>
        <label name="language" value="cpython3"/>
      </labels>
      <steps/>
    </test-case>
    <test-case start="1570417522946" status="passed" stop="1570417522946">
      <name>test_demo.Test_Demo.test_002</name>
      <attachments/>
      <labels>
        <label name="severity" value="normal"/>
        <label name="thread" value="5560-MainThread"/>
        <label name="host" value="DAIYU"/>
        <label name="framework" value="pytest"/>
        <label name="language" value="cpython3"/>
      </labels>
      <steps/>
    </test-case>
    <test-case start="1570417522947" status="failed" stop="1570417522994">
      <name>test_demo.Test_Demo.test_003</name>
      <failure>
        <message>AssertionError: assert 0</message>
        <stack-trace>self = &lt;scripts.test_demo.Test_Demo object at 0x0000000003A88E10&gt;

    def test_003(self):
&gt;       assert 0
E       assert 0

scripts\test_demo.py:10: AssertionError</stack-trace>
      </failure>
      <attachments/>
      <labels>
        <label name="severity" value="normal"/>
        <label name="thread" value="5560-MainThread"/>
        <label name="host" value="DAIYU"/>
        <label name="framework" value="pytest"/>
        <label name="language" value="cpython3"/>
      </labels>
      <steps/>
    </test-case>
  </test-cases>
</ns0:test-suite>
